<?xml version="1.0" encoding="UTF-8"?>
<!-- Generated by org.testng.reporters.JUnitReportReporter -->
<testsuite hostname="LAPTOP-5E7SJ6AA" failures="0" tests="1" name="tests.NewLoginToActi" time="8.841" errors="0" timestamp="2022-12-08T21:06:50 EST" skipped="0">
  <testcase classname="tests.NewLoginToActi" name="f" time="8.841"/>
  <system-out/>
</testsuite> <!-- tests.NewLoginToActi -->
