<?xml version="1.0" encoding="UTF-8"?>
<!-- Generated by org.testng.reporters.JUnitReportReporter -->
<testsuite hostname="LAPTOP-5E7SJ6AA" failures="0" tests="1" name="tests.ActitimeLoginTest" time="9.147" errors="0" timestamp="2022-12-08T21:03:19 EST" skipped="0">
  <testcase classname="tests.ActitimeLoginTest" name="loginToHotelTestOne" time="9.147"/>
  <system-out/>
</testsuite> <!-- tests.ActitimeLoginTest -->
